1559593319722: => Fetching v1.0 Hub file from https://next-api.stoplight.io/files.export?projectId=11000&branch=version%2F1.0&path=BigCommerce.oas2.yml
1559593321238: => [✓] Found 416 pages
1559593321247: => Building Routes...
1559593321262: => [✓] Routes Built (0s)
1559593321263: => Building Templates
1559593321263: => [✓] Templates Built (0s)
1559593322119: => Fetching Site Data...
1559593322123: => [✓] Site Data Downloaded (0s)
1559593322126: => Fetching Route Data...
1559593322213: => 21/417 5% 241/s 1.6s 
1559593322214: => 42/417 10% 477/s 0.8s 
1559593322214: => 63/417 15% 716/s 0.5s 
1559593322214: => 84/417 20% 955/s 0.3s 
1559593322258: => 105/417 25% 795/s 0.4s 
1559593322259: => 126/417 30% 955/s 0.3s 
1559593322259: => 146/417 35% 1098/s 0.2s 
1559593322259: => 167/417 40% 1256/s 0.2s 
1559593322260: => 188/417 45% 1403/s 0.2s 
1559593322271: => 209/417 50% 1441/s 0.1s 
1559593322271: => 230/417 55% 1586/s 0.1s 
1559593322272: => 251/417 60% 1719/s 0.1s 
1559593322272: => 272/417 65% 1863/s 0.1s 
1559593322272: => 292/417 70% 2000/s 0.1s 
1559593322282: => 313/417 75% 2006/s 0.1s 
1559593322282: => 334/417 80% 2141/s 0.0s 
1559593322283: => 355/417 85% 2261/s 0.0s 
1559593322283: => 376/417 90% 2395/s 0.0s 
1559593322283: => 397/417 95% 2529/s 0.0s 
1559593322291: => 417/417 100% 2527/s 0.0s 
1559593322293: => [✓] Route Data Downloaded (0.2s)
1559593322293: => Exporting Route Data...
1559593322295: => 21/417 5% 10500/s 0.0s 
1559593322296: => 42/417 10% 14000/s 0.0s 
1559593322299: => 63/417 15% 10500/s 0.0s 
1559593322300: => 84/417 20% 12000/s 0.0s 
1559593322308: => 105/417 25% 7000/s 0.0s 
1559593322309: => 126/417 30% 7875/s 0.0s 
1559593322310: => 146/417 35% 8588/s 0.0s 
1559593322311: => 167/417 40% 9278/s 0.0s 
1559593322313: => 188/417 45% 9895/s 0.0s 
1559593322319: => 209/417 50% 8038/s 0.0s 
1559593322320: => 230/417 55% 8519/s 0.0s 
1559593322321: => 251/417 60% 8964/s 0.0s 
1559593322322: => 272/417 65% 9379/s 0.0s 
1559593322323: => 292/417 70% 9733/s 0.0s 
1559593322330: => 313/417 75% 8459/s 0.0s 
1559593322331: => 334/417 80% 8789/s 0.0s 
1559593322332: => 355/417 85% 9103/s 0.0s 
1559593322333: => 376/417 90% 9400/s 0.0s 
1559593322334: => 397/417 95% 9683/s 0.0s 
1559593322340: => 417/417 100% 8872/s 0.0s 
1559593322345: => [✓] Route Data Exported (0.1s)
1559593322346: => Exporting Shared Route Data...
1559593322363: => 1/3 33% 59/s 0.0s 
1559593322365: => 2/3 66% 105/s 0.0s 
1559593322367: => 3/3 100% 143/s 0.0s 
1559593322368: => [✓] Shared Route Data Exported (0s)
1559593322370: => Exporting HTML...
1559593331095: => 21/417 5% 2/s 164.5s 
1559593332045: => 42/417 10% 4/s 86.4s 
1559593333023: => 63/417 15% 6/s 59.9s 
1559593334477: => 84/417 20% 7/s 48.0s 
1559593335489: => 105/417 25% 8/s 39.0s 
1559593336406: => 126/417 30% 9/s 32.4s 
1559593337290: => 146/417 35% 10/s 27.7s 
1559593338162: => 167/417 40% 11/s 23.6s 
1559593339604: => 188/417 45% 11/s 21.0s 
1559593340586: => 209/417 50% 11/s 18.1s 
1559593341421: => 230/417 55% 12/s 15.5s 
1559593342317: => 251/417 60% 13/s 13.2s 
1559593343222: => 272/417 65% 13/s 11.1s 
1559593344619: => 292/417 70% 13/s 9.5s 
1559593345570: => 313/417 75% 13/s 7.7s 
1559593345719: => 334/417 80% 14/s 5.8s 
1559593345721: => 355/417 85% 15/s 4.1s 
1559593345724: => 376/417 90% 16/s 2.5s 
1559593345728: => 397/417 95% 17/s 1.2s 
1559593345750: => 417/417 100% 18/s 0.0s 
